<?xml version="1.0" encoding="UTF-8"?>
<!-- Generated by org.testng.reporters.JUnitReportReporter -->
<testsuite hostname="IN-LT71049" name="test.testframework.SeleniumTest" tests="2" failures="0" timestamp="5 May 2020 16:24:09 GMT" time="0.002" errors="0">
  <testcase name="secondTest" time="0.001" classname="test.testframework.SeleniumTest"/>
  <testcase name="browserAutomation" time="0.001" classname="test.testframework.SeleniumTest"/>
</testsuite> <!-- test.testframework.SeleniumTest -->
