<?xml version="1.0" encoding="UTF-8"?>
<!-- Generated by org.testng.reporters.JUnitReportReporter -->
<testsuite hostname="IN-LT71049" name="test.testframework.AppTest" tests="1" failures="0" timestamp="5 May 2020 16:24:09 GMT" time="0.011" errors="0">
  <testcase name="shouldAnswerWithTrue" time="0.011" classname="test.testframework.AppTest"/>
</testsuite> <!-- test.testframework.AppTest -->
